<?xml version="1.0" encoding="UTF-8"?>
<!-- Generated by org.testng.reporters.JUnitReportReporter -->
<testsuite hostname="CTLINDT-0231" name="executionEngine.DriverScriptTest" tests="1" failures="0" timestamp="30 Aug 2019 09:56:35 GMT" time="162.619" errors="0">
  <testcase name="Intitialize" time="162.619" classname="executionEngine.DriverScriptTest"/>
</testsuite> <!-- executionEngine.DriverScriptTest -->
